<?xml version="1.0"?>
<testsuites>
  <testsuite name="PhantomJS 1.9.8 (Mac OS X)" package="Angular Demo" timestamp="2015-01-19T18:36:59" id="0" hostname="MBP-2014.home" tests="4" errors="0" failures="0" time="0.022">
    <properties>
      <property name="browser.fullName" value="Mozilla/5.0 (Macintosh; Intel Mac OS X) AppleWebKit/534.34 (KHTML, like Gecko) PhantomJS/1.9.8 Safari/534.34"/>
    </properties>
    <testcase name="should return all available widgets" time="0.008" classname="Angular Demo PhantomJS 1.9.8 (Mac OS X).Lib_Com_Rpi_Angular_Widgets_Services_WidgetsService getAvailableWidgets"/>
    <testcase name="should toggle edit mode to true" time="0.004" classname="Angular Demo PhantomJS 1.9.8 (Mac OS X).Lib_Com_Rpi_Angular_Widgets_AvailableController"/>
    <testcase name="should default to false" time="0.003" classname="Angular Demo PhantomJS 1.9.8 (Mac OS X).Pages_MainController EditMode"/>
    <testcase name="should change to true on &apos;WidgetsController.editMode&apos;" time="0.007" classname="Angular Demo PhantomJS 1.9.8 (Mac OS X).Pages_MainController EditMode"/>
    <system-out><![CDATA[PhantomJS 1.9.8 (Mac OS X) INFO: ['lib/com/rpi/angular/widgets/available/test/availableControllerSpec', 'lib/com/rpi/angular/widgets/services/test/widgetsSpec', 'pages/main/test/mainControllerSpec']
,PhantomJS 1.9.8 (Mac OS X) LOG: 'Pages.MainController'
,PhantomJS 1.9.8 (Mac OS X) LOG: 'Pages.MainController'

]]></system-out>
    <system-err/>
  </testsuite>
</testsuites>
